Determining if the function crc32c_value exists in the crc32c failed with the following output:
Change Dir: /home/qifei/pm_source/ye_db/pm_db/cmake-build/CMakeFiles/CMakeTmp

Run Build Command(s):/usr/bin/make cmTC_8c3b7/fast && /usr/bin/make -f CMakeFiles/cmTC_8c3b7.dir/build.make CMakeFiles/cmTC_8c3b7.dir/build
make[1]: Entering directory '/home/qifei/pm_source/ye_db/pm_db/cmake-build/CMakeFiles/CMakeTmp'
Building C object CMakeFiles/cmTC_8c3b7.dir/CheckFunctionExists.c.o
/usr/bin/cc   -DCHECK_FUNCTION_EXISTS=crc32c_value   -std=c11 -o CMakeFiles/cmTC_8c3b7.dir/CheckFunctionExists.c.o   -c /usr/share/cmake-3.16/Modules/CheckFunctionExists.c
Linking C executable cmTC_8c3b7
/usr/bin/cmake -E cmake_link_script CMakeFiles/cmTC_8c3b7.dir/link.txt --verbose=1
/usr/bin/cc  -DCHECK_FUNCTION_EXISTS=crc32c_value    CMakeFiles/cmTC_8c3b7.dir/CheckFunctionExists.c.o  -o cmTC_8c3b7  -lcrc32c 
/usr/bin/ld: cannot find -lcrc32c
collect2: error: ld returned 1 exit status
make[1]: *** [CMakeFiles/cmTC_8c3b7.dir/build.make:87: cmTC_8c3b7] Error 1
make[1]: Leaving directory '/home/qifei/pm_source/ye_db/pm_db/cmake-build/CMakeFiles/CMakeTmp'
make: *** [Makefile:121: cmTC_8c3b7/fast] Error 2



Determining if the function snappy_compress exists in the snappy failed with the following output:
Change Dir: /home/qifei/pm_source/ye_db/pm_db/cmake-build/CMakeFiles/CMakeTmp

Run Build Command(s):/usr/bin/make cmTC_c72bc/fast && /usr/bin/make -f CMakeFiles/cmTC_c72bc.dir/build.make CMakeFiles/cmTC_c72bc.dir/build
make[1]: Entering directory '/home/qifei/pm_source/ye_db/pm_db/cmake-build/CMakeFiles/CMakeTmp'
Building C object CMakeFiles/cmTC_c72bc.dir/CheckFunctionExists.c.o
/usr/bin/cc   -DCHECK_FUNCTION_EXISTS=snappy_compress   -std=c11 -o CMakeFiles/cmTC_c72bc.dir/CheckFunctionExists.c.o   -c /usr/share/cmake-3.16/Modules/CheckFunctionExists.c
Linking C executable cmTC_c72bc
/usr/bin/cmake -E cmake_link_script CMakeFiles/cmTC_c72bc.dir/link.txt --verbose=1
/usr/bin/cc  -DCHECK_FUNCTION_EXISTS=snappy_compress    CMakeFiles/cmTC_c72bc.dir/CheckFunctionExists.c.o  -o cmTC_c72bc  -lsnappy 
/usr/bin/ld: cannot find -lsnappy
collect2: error: ld returned 1 exit status
make[1]: *** [CMakeFiles/cmTC_c72bc.dir/build.make:87: cmTC_c72bc] Error 1
make[1]: Leaving directory '/home/qifei/pm_source/ye_db/pm_db/cmake-build/CMakeFiles/CMakeTmp'
make: *** [Makefile:121: cmTC_c72bc/fast] Error 2



Determining if the function malloc exists in the tcmalloc failed with the following output:
Change Dir: /home/qifei/pm_source/ye_db/pm_db/cmake-build/CMakeFiles/CMakeTmp

Run Build Command(s):/usr/bin/make cmTC_d0f52/fast && /usr/bin/make -f CMakeFiles/cmTC_d0f52.dir/build.make CMakeFiles/cmTC_d0f52.dir/build
make[1]: Entering directory '/home/qifei/pm_source/ye_db/pm_db/cmake-build/CMakeFiles/CMakeTmp'
Building C object CMakeFiles/cmTC_d0f52.dir/CheckFunctionExists.c.o
/usr/bin/cc   -DCHECK_FUNCTION_EXISTS=malloc   -std=c11 -o CMakeFiles/cmTC_d0f52.dir/CheckFunctionExists.c.o   -c /usr/share/cmake-3.16/Modules/CheckFunctionExists.c
<command-line>: warning: conflicting types for built-in function ‘malloc’; expected ‘void *(long unsigned int)’ [-Wbuiltin-declaration-mismatch]
/usr/share/cmake-3.16/Modules/CheckFunctionExists.c:7:3: note: in expansion of macro ‘CHECK_FUNCTION_EXISTS’
    7 |   CHECK_FUNCTION_EXISTS(void);
      |   ^~~~~~~~~~~~~~~~~~~~~
/usr/share/cmake-3.16/Modules/CheckFunctionExists.c:1:1: note: ‘malloc’ is declared in header ‘<stdlib.h>’
  +++ |+#include <stdlib.h>
    1 | #ifdef CHECK_FUNCTION_EXISTS
Linking C executable cmTC_d0f52
/usr/bin/cmake -E cmake_link_script CMakeFiles/cmTC_d0f52.dir/link.txt --verbose=1
/usr/bin/cc  -DCHECK_FUNCTION_EXISTS=malloc    CMakeFiles/cmTC_d0f52.dir/CheckFunctionExists.c.o  -o cmTC_d0f52  -ltcmalloc 
/usr/bin/ld: cannot find -ltcmalloc
collect2: error: ld returned 1 exit status
make[1]: *** [CMakeFiles/cmTC_d0f52.dir/build.make:87: cmTC_d0f52] Error 1
make[1]: Leaving directory '/home/qifei/pm_source/ye_db/pm_db/cmake-build/CMakeFiles/CMakeTmp'
make: *** [Makefile:121: cmTC_d0f52/fast] Error 2



Determining if the F_FULLFSYNC exist failed with the following output:
Change Dir: /home/qifei/pm_source/ye_db/pm_db/cmake-build/CMakeFiles/CMakeTmp

Run Build Command(s):/usr/bin/make cmTC_fab6e/fast && /usr/bin/make -f CMakeFiles/cmTC_fab6e.dir/build.make CMakeFiles/cmTC_fab6e.dir/build
make[1]: Entering directory '/home/qifei/pm_source/ye_db/pm_db/cmake-build/CMakeFiles/CMakeTmp'
Building CXX object CMakeFiles/cmTC_fab6e.dir/CheckSymbolExists.cxx.o
/usr/bin/c++    -std=c++11 -o CMakeFiles/cmTC_fab6e.dir/CheckSymbolExists.cxx.o -c /home/qifei/pm_source/ye_db/pm_db/cmake-build/CMakeFiles/CMakeTmp/CheckSymbolExists.cxx
/home/qifei/pm_source/ye_db/pm_db/cmake-build/CMakeFiles/CMakeTmp/CheckSymbolExists.cxx: In function ‘int main(int, char**)’:
/home/qifei/pm_source/ye_db/pm_db/cmake-build/CMakeFiles/CMakeTmp/CheckSymbolExists.cxx:8:19: error: ‘F_FULLFSYNC’ was not declared in this scope
    8 |   return ((int*)(&F_FULLFSYNC))[argc];
      |                   ^~~~~~~~~~~
make[1]: *** [CMakeFiles/cmTC_fab6e.dir/build.make:66: CMakeFiles/cmTC_fab6e.dir/CheckSymbolExists.cxx.o] Error 1
make[1]: Leaving directory '/home/qifei/pm_source/ye_db/pm_db/cmake-build/CMakeFiles/CMakeTmp'
make: *** [Makefile:121: cmTC_fab6e/fast] Error 2


File /home/qifei/pm_source/ye_db/pm_db/cmake-build/CMakeFiles/CMakeTmp/CheckSymbolExists.cxx:
/* */
#include <fcntl.h>

int main(int argc, char** argv)
{
  (void)argv;
#ifndef F_FULLFSYNC
  return ((int*)(&F_FULLFSYNC))[argc];
#else
  (void)argc;
  return 0;
#endif
}
Performing C++ SOURCE FILE Test HAVE_CLANG_THREAD_SAFETY failed with the following output:
Change Dir: /home/qifei/pm_source/ye_db/pm_db/cmake-build/CMakeFiles/CMakeTmp

Run Build Command(s):/usr/bin/make cmTC_f49de/fast && /usr/bin/make -f CMakeFiles/cmTC_f49de.dir/build.make CMakeFiles/cmTC_f49de.dir/build
make[1]: Entering directory '/home/qifei/pm_source/ye_db/pm_db/cmake-build/CMakeFiles/CMakeTmp'
Building CXX object CMakeFiles/cmTC_f49de.dir/src.cxx.o
/usr/bin/c++    -fno-exceptions -fno-rtti -DHAVE_CLANG_THREAD_SAFETY   -Wthread-safety -std=c++11 -o CMakeFiles/cmTC_f49de.dir/src.cxx.o -c /home/qifei/pm_source/ye_db/pm_db/cmake-build/CMakeFiles/CMakeTmp/src.cxx
c++: error: unrecognized command line option '-Wthread-safety'
make[1]: *** [CMakeFiles/cmTC_f49de.dir/build.make:66: CMakeFiles/cmTC_f49de.dir/src.cxx.o] Error 1
make[1]: Leaving directory '/home/qifei/pm_source/ye_db/pm_db/cmake-build/CMakeFiles/CMakeTmp'
make: *** [Makefile:121: cmTC_f49de/fast] Error 2


Source file was:
int main() { return 0; }
Performing C SOURCE FILE Test CMAKE_HAVE_LIBC_PTHREAD failed with the following output:
Change Dir: /home/qifei/pm_source/ye_db/pm_db/cmake-build/CMakeFiles/CMakeTmp

Run Build Command(s):/usr/bin/make cmTC_401b6/fast && /usr/bin/make -f CMakeFiles/cmTC_401b6.dir/build.make CMakeFiles/cmTC_401b6.dir/build
make[1]: Entering directory '/home/qifei/pm_source/ye_db/pm_db/cmake-build/CMakeFiles/CMakeTmp'
Building C object CMakeFiles/cmTC_401b6.dir/src.c.o
/usr/bin/cc   -Wstrict-prototypes -DCMAKE_HAVE_LIBC_PTHREAD   -std=c11 -o CMakeFiles/cmTC_401b6.dir/src.c.o   -c /home/qifei/pm_source/ye_db/pm_db/cmake-build/CMakeFiles/CMakeTmp/src.c
Linking C executable cmTC_401b6
/usr/bin/cmake -E cmake_link_script CMakeFiles/cmTC_401b6.dir/link.txt --verbose=1
/usr/bin/cc  -Wstrict-prototypes -DCMAKE_HAVE_LIBC_PTHREAD    CMakeFiles/cmTC_401b6.dir/src.c.o  -o cmTC_401b6 
/usr/bin/ld: CMakeFiles/cmTC_401b6.dir/src.c.o: in function `main':
src.c:(.text+0x46): undefined reference to `pthread_create'
/usr/bin/ld: src.c:(.text+0x52): undefined reference to `pthread_detach'
/usr/bin/ld: src.c:(.text+0x63): undefined reference to `pthread_join'
collect2: error: ld returned 1 exit status
make[1]: *** [CMakeFiles/cmTC_401b6.dir/build.make:87: cmTC_401b6] Error 1
make[1]: Leaving directory '/home/qifei/pm_source/ye_db/pm_db/cmake-build/CMakeFiles/CMakeTmp'
make: *** [Makefile:121: cmTC_401b6/fast] Error 2


Source file was:
#include <pthread.h>

void* test_func(void* data)
{
  return data;
}

int main(void)
{
  pthread_t thread;
  pthread_create(&thread, NULL, test_func, NULL);
  pthread_detach(thread);
  pthread_join(thread, NULL);
  pthread_atfork(NULL, NULL, NULL);
  pthread_exit(NULL);

  return 0;
}

Determining if the function pthread_create exists in the pthreads failed with the following output:
Change Dir: /home/qifei/pm_source/ye_db/pm_db/cmake-build/CMakeFiles/CMakeTmp

Run Build Command(s):/usr/bin/make cmTC_6fed6/fast && /usr/bin/make -f CMakeFiles/cmTC_6fed6.dir/build.make CMakeFiles/cmTC_6fed6.dir/build
make[1]: Entering directory '/home/qifei/pm_source/ye_db/pm_db/cmake-build/CMakeFiles/CMakeTmp'
Building C object CMakeFiles/cmTC_6fed6.dir/CheckFunctionExists.c.o
/usr/bin/cc   -Wstrict-prototypes -DCHECK_FUNCTION_EXISTS=pthread_create   -std=c11 -o CMakeFiles/cmTC_6fed6.dir/CheckFunctionExists.c.o   -c /usr/share/cmake-3.16/Modules/CheckFunctionExists.c
Linking C executable cmTC_6fed6
/usr/bin/cmake -E cmake_link_script CMakeFiles/cmTC_6fed6.dir/link.txt --verbose=1
/usr/bin/cc  -Wstrict-prototypes -DCHECK_FUNCTION_EXISTS=pthread_create    CMakeFiles/cmTC_6fed6.dir/CheckFunctionExists.c.o  -o cmTC_6fed6  -lpthreads 
/usr/bin/ld: cannot find -lpthreads
collect2: error: ld returned 1 exit status
make[1]: *** [CMakeFiles/cmTC_6fed6.dir/build.make:87: cmTC_6fed6] Error 1
make[1]: Leaving directory '/home/qifei/pm_source/ye_db/pm_db/cmake-build/CMakeFiles/CMakeTmp'
make: *** [Makefile:121: cmTC_6fed6/fast] Error 2



Performing C++ SOURCE FILE Test HAVE_CXX_FLAG_WSHORTEN_64_TO_32 failed with the following output:
Change Dir: /home/qifei/pm_source/ye_db/pm_db/cmake-build/CMakeFiles/CMakeTmp

Run Build Command(s):/usr/bin/make cmTC_64cf8/fast && /usr/bin/make -f CMakeFiles/cmTC_64cf8.dir/build.make CMakeFiles/cmTC_64cf8.dir/build
make[1]: Entering directory '/home/qifei/pm_source/ye_db/pm_db/cmake-build/CMakeFiles/CMakeTmp'
Building CXX object CMakeFiles/cmTC_64cf8.dir/src.cxx.o
/usr/bin/c++    -fno-exceptions -fno-rtti  -std=c++11  -Wall  -Wextra  -Wshadow -DHAVE_CXX_FLAG_WSHORTEN_64_TO_32  -Wshorten-64-to-32   -Wshorten-64-to-32 -std=c++11 -o CMakeFiles/cmTC_64cf8.dir/src.cxx.o -c /home/qifei/pm_source/ye_db/pm_db/cmake-build/CMakeFiles/CMakeTmp/src.cxx
c++: error: unrecognized command line option '-Wshorten-64-to-32'
c++: error: unrecognized command line option '-Wshorten-64-to-32'
make[1]: *** [CMakeFiles/cmTC_64cf8.dir/build.make:66: CMakeFiles/cmTC_64cf8.dir/src.cxx.o] Error 1
make[1]: Leaving directory '/home/qifei/pm_source/ye_db/pm_db/cmake-build/CMakeFiles/CMakeTmp'
make: *** [Makefile:121: cmTC_64cf8/fast] Error 2


Source file was:
int main() { return 0; }
Performing C++ SOURCE FILE Test HAVE_CXX_FLAG_WD654 failed with the following output:
Change Dir: /home/qifei/pm_source/ye_db/pm_db/cmake-build/CMakeFiles/CMakeTmp

Run Build Command(s):/usr/bin/make cmTC_d33d4/fast && /usr/bin/make -f CMakeFiles/cmTC_d33d4.dir/build.make CMakeFiles/cmTC_d33d4.dir/build
make[1]: Entering directory '/home/qifei/pm_source/ye_db/pm_db/cmake-build/CMakeFiles/CMakeTmp'
Building CXX object CMakeFiles/cmTC_d33d4.dir/src.cxx.o
/usr/bin/c++    -fno-exceptions -fno-rtti  -std=c++11  -Wall  -Wextra  -Wshadow  -fstrict-aliasing  -Wno-deprecated-declarations  -fno-exceptions  -Wstrict-aliasing -DHAVE_CXX_FLAG_WD654  -wd654   -wd654 -std=c++11 -o CMakeFiles/cmTC_d33d4.dir/src.cxx.o -c /home/qifei/pm_source/ye_db/pm_db/cmake-build/CMakeFiles/CMakeTmp/src.cxx
c++: error: unrecognized command line option '-wd654'
c++: error: unrecognized command line option '-wd654'
make[1]: *** [CMakeFiles/cmTC_d33d4.dir/build.make:66: CMakeFiles/cmTC_d33d4.dir/src.cxx.o] Error 1
make[1]: Leaving directory '/home/qifei/pm_source/ye_db/pm_db/cmake-build/CMakeFiles/CMakeTmp'
make: *** [Makefile:121: cmTC_d33d4/fast] Error 2


Source file was:
int main() { return 0; }
Performing C++ SOURCE FILE Test HAVE_CXX_FLAG_WTHREAD_SAFETY failed with the following output:
Change Dir: /home/qifei/pm_source/ye_db/pm_db/cmake-build/CMakeFiles/CMakeTmp

Run Build Command(s):/usr/bin/make cmTC_5b068/fast && /usr/bin/make -f CMakeFiles/cmTC_5b068.dir/build.make CMakeFiles/cmTC_5b068.dir/build
make[1]: Entering directory '/home/qifei/pm_source/ye_db/pm_db/cmake-build/CMakeFiles/CMakeTmp'
Building CXX object CMakeFiles/cmTC_5b068.dir/src.cxx.o
/usr/bin/c++    -fno-exceptions -fno-rtti  -std=c++11  -Wall  -Wextra  -Wshadow  -fstrict-aliasing  -Wno-deprecated-declarations  -fno-exceptions  -Wstrict-aliasing -DHAVE_CXX_FLAG_WTHREAD_SAFETY  -Wthread-safety   -Wthread-safety -std=c++11 -o CMakeFiles/cmTC_5b068.dir/src.cxx.o -c /home/qifei/pm_source/ye_db/pm_db/cmake-build/CMakeFiles/CMakeTmp/src.cxx
c++: error: unrecognized command line option '-Wthread-safety'
c++: error: unrecognized command line option '-Wthread-safety'
make[1]: *** [CMakeFiles/cmTC_5b068.dir/build.make:66: CMakeFiles/cmTC_5b068.dir/src.cxx.o] Error 1
make[1]: Leaving directory '/home/qifei/pm_source/ye_db/pm_db/cmake-build/CMakeFiles/CMakeTmp'
make: *** [Makefile:121: cmTC_5b068/fast] Error 2


Source file was:
int main() { return 0; }
Determining if the function sqlite3_open exists in the sqlite3 failed with the following output:
Change Dir: /home/qifei/pm_source/ye_db/pm_db/cmake-build/CMakeFiles/CMakeTmp

Run Build Command(s):/usr/bin/make cmTC_b5ff3/fast && /usr/bin/make -f CMakeFiles/cmTC_b5ff3.dir/build.make CMakeFiles/cmTC_b5ff3.dir/build
make[1]: Entering directory '/home/qifei/pm_source/ye_db/pm_db/cmake-build/CMakeFiles/CMakeTmp'
Building C object CMakeFiles/cmTC_b5ff3.dir/CheckFunctionExists.c.o
/usr/bin/cc   -Wstrict-prototypes -DCHECK_FUNCTION_EXISTS=sqlite3_open   -std=c11 -o CMakeFiles/cmTC_b5ff3.dir/CheckFunctionExists.c.o   -c /usr/share/cmake-3.16/Modules/CheckFunctionExists.c
Linking C executable cmTC_b5ff3
/usr/bin/cmake -E cmake_link_script CMakeFiles/cmTC_b5ff3.dir/link.txt --verbose=1
/usr/bin/cc  -Wstrict-prototypes -DCHECK_FUNCTION_EXISTS=sqlite3_open    CMakeFiles/cmTC_b5ff3.dir/CheckFunctionExists.c.o  -o cmTC_b5ff3  -lsqlite3 
/usr/bin/ld: cannot find -lsqlite3
collect2: error: ld returned 1 exit status
make[1]: *** [CMakeFiles/cmTC_b5ff3.dir/build.make:87: cmTC_b5ff3] Error 1
make[1]: Leaving directory '/home/qifei/pm_source/ye_db/pm_db/cmake-build/CMakeFiles/CMakeTmp'
make: *** [Makefile:121: cmTC_b5ff3/fast] Error 2



Performing C++ SOURCE FILE Test HAVE_KYOTOCABINET failed with the following output:
Change Dir: /home/qifei/pm_source/ye_db/pm_db/cmake-build/CMakeFiles/CMakeTmp

Run Build Command(s):/usr/bin/make cmTC_fba8a/fast && /usr/bin/make -f CMakeFiles/cmTC_fba8a.dir/build.make CMakeFiles/cmTC_fba8a.dir/build
make[1]: Entering directory '/home/qifei/pm_source/ye_db/pm_db/cmake-build/CMakeFiles/CMakeTmp'
Building CXX object CMakeFiles/cmTC_fba8a.dir/src.cxx.o
/usr/bin/c++    -fno-exceptions -fno-rtti -DHAVE_KYOTOCABINET   -std=c++11 -o CMakeFiles/cmTC_fba8a.dir/src.cxx.o -c /home/qifei/pm_source/ye_db/pm_db/cmake-build/CMakeFiles/CMakeTmp/src.cxx
/home/qifei/pm_source/ye_db/pm_db/cmake-build/CMakeFiles/CMakeTmp/src.cxx:2:10: fatal error: kcpolydb.h: No such file or directory
    2 | #include <kcpolydb.h>
      |          ^~~~~~~~~~~~
compilation terminated.
make[1]: *** [CMakeFiles/cmTC_fba8a.dir/build.make:66: CMakeFiles/cmTC_fba8a.dir/src.cxx.o] Error 1
make[1]: Leaving directory '/home/qifei/pm_source/ye_db/pm_db/cmake-build/CMakeFiles/CMakeTmp'
make: *** [Makefile:121: cmTC_fba8a/fast] Error 2


Source file was:

#include <kcpolydb.h>

int main() {
  kyotocabinet::TreeDB* db = new kyotocabinet::TreeDB();
  delete db;
  return 0;
}
  
